<?xml version="1.0" encoding="UTF-8"?>
<testsuite xmlns:xsi="http://www.w3.org/2001/XMLSchema-instance" xsi:noNamespaceSchemaLocation="https://maven.apache.org/surefire/maven-surefire-plugin/xsd/surefire-test-report-3.0.xsd" version="3.0" name="Model.AddressTest" time="0.014" tests="26" errors="0" skipped="0" failures="0">
  <properties>
[...]
</properties>
  <testcase name="testSetAddress2Name" classname="Model.AddressTest" time="0"/>
  <testcase name="testGetPhone" classname="Model.AddressTest" time="0"/>
  <testcase name="testSetAddressNameToEmpty" classname="Model.AddressTest" time="0"/>
  <testcase name="testGetCreateDate" classname="Model.AddressTest" time="0"/>
  <testcase name="testSetCreatedBy" classname="Model.AddressTest" time="0"/>
  <testcase name="testSetAddressId" classname="Model.AddressTest" time="0.001"/>
  <testcase name="testSetAddressName" classname="Model.AddressTest" time="0"/>
  <testcase name="testGetLastUpdate" classname="Model.AddressTest" time="0"/>
  <testcase name="testGetPostalCode" classname="Model.AddressTest" time="0"/>
  <testcase name="testSetCreateDate" classname="Model.AddressTest" time="0"/>
  <testcase name="testConstructorWithEmptyAddress2" classname="Model.AddressTest" time="0"/>
  <testcase name="testSetLastUpdate" classname="Model.AddressTest" time="0.001"/>
  <testcase name="testSetPostalCode" classname="Model.AddressTest" time="0"/>
  <testcase name="testSetAddress2NameToEmpty" classname="Model.AddressTest" time="0"/>
  <testcase name="testSetPostalCodeToEmpty" classname="Model.AddressTest" time="0"/>
  <testcase name="testSetCityId" classname="Model.AddressTest" time="0"/>
  <testcase name="testGetCityId" classname="Model.AddressTest" time="0.001"/>
  <testcase name="testGetAddressName" classname="Model.AddressTest" time="0"/>
  <testcase name="testGetLastUpdateBy" classname="Model.AddressTest" time="0"/>
  <testcase name="testGetCityObj" classname="Model.AddressTest" time="0"/>
  <testcase name="testGetCreatedBy" classname="Model.AddressTest" time="0.001"/>
  <testcase name="testGetAddress2Name" classname="Model.AddressTest" time="0.001"/>
  <testcase name="testGetAddressId" classname="Model.AddressTest" time="0"/>
  <testcase name="testSetLastUpdateBy" classname="Model.AddressTest" time="0"/>
  <testcase name="testConstructor" classname="Model.AddressTest" time="0"/>
  <testcase name="testSetPhone" classname="Model.AddressTest" time="0"/>
</testsuite>